<?xml version="1.0" encoding="UTF-8"?>
<!-- Generated by org.testng.reporters.JUnitReportReporter -->
<testsuite skipped="0" hostname="Admin-PC" name="com.jug.qa.UpgradeTest.UpgradeDashboardPageTest" tests="2" failures="0" timestamp="10 Jul 2018 05:07:58 GMT" time="129.892" errors="0">
  <testcase name="upgradedash" time="86.697" classname="com.jug.qa.UpgradeTest.UpgradeDashboardPageTest"/>
  <testcase name="upgradedashprofilebtn" time="43.195" classname="com.jug.qa.UpgradeTest.UpgradeDashboardPageTest"/>
</testsuite> <!-- com.jug.qa.UpgradeTest.UpgradeDashboardPageTest -->
