<?xml version="1.0" encoding="UTF-8"?>
<!-- Generated by org.testng.reporters.JUnitReportReporter -->
<testsuite skipped="0" hostname="Admin-PC" name="com.jug.qa.IncubationTest.MMIncLoginlinkPageTest" tests="1" failures="0" timestamp="09 Jul 2018 13:01:31 GMT" time="18.249" errors="0">
  <testcase name="loginTest" time="18.249" classname="com.jug.qa.IncubationTest.MMIncLoginlinkPageTest"/>
</testsuite> <!-- com.jug.qa.IncubationTest.MMIncLoginlinkPageTest -->
