<?xml version="1.0" encoding="UTF-8"?>
<!-- Generated by org.testng.reporters.JUnitReportReporter -->
<testsuite skipped="0" hostname="Admin-PC" name="com.jug.qa.uplift.upliftLoginPageTest" tests="1" failures="0" timestamp="10 Jul 2018 05:00:09 GMT" time="58.420" errors="0">
  <testcase name="loginTest" time="58.420" classname="com.jug.qa.uplift.upliftLoginPageTest"/>
</testsuite> <!-- com.jug.qa.uplift.upliftLoginPageTest -->
