<?xml version="1.0" encoding="UTF-8"?>
<!-- Generated by org.testng.reporters.JUnitReportReporter -->
<testsuite skipped="0" hostname="Admin-PC" name="com.jug.qa.UpgradeTest.UpgradeLoginPageTest" tests="1" failures="0" timestamp="10 Jul 2018 05:07:58 GMT" time="27.672" errors="0">
  <testcase name="loginTest" time="27.672" classname="com.jug.qa.UpgradeTest.UpgradeLoginPageTest"/>
</testsuite> <!-- com.jug.qa.UpgradeTest.UpgradeLoginPageTest -->
