<?xml version="1.0" encoding="UTF-8"?>
<!-- Generated by org.testng.reporters.JUnitReportReporter -->
<testsuite skipped="0" hostname="Admin-PC" name="com.jug.qa.uplift.upliftMyOpportunityPageTest" tests="3" failures="0" timestamp="10 Jul 2018 05:00:09 GMT" time="246.198" errors="0">
  <testcase name="stateche" time="56.920" classname="com.jug.qa.uplift.upliftMyOpportunityPageTest"/>
  <testcase name="centralche" time="115.887" classname="com.jug.qa.uplift.upliftMyOpportunityPageTest"/>
  <testcase name="otherche" time="73.391" classname="com.jug.qa.uplift.upliftMyOpportunityPageTest"/>
</testsuite> <!-- com.jug.qa.uplift.upliftMyOpportunityPageTest -->
