<?xml version="1.0" encoding="UTF-8"?>
<!-- Generated by org.testng.reporters.JUnitReportReporter -->
<testsuite skipped="0" hostname="Admin-PC" name="com.jug.qa.IncubationTest.MMIncIdeasFromIncubationPageTest" tests="2" failures="0" timestamp="09 Jul 2018 13:01:31 GMT" time="40.603" errors="0">
  <testcase name="Incubationideas" time="17.460" classname="com.jug.qa.IncubationTest.MMIncIdeasFromIncubationPageTest"/>
  <testcase name="Incubationmysupport" time="23.143" classname="com.jug.qa.IncubationTest.MMIncIdeasFromIncubationPageTest"/>
</testsuite> <!-- com.jug.qa.IncubationTest.MMIncIdeasFromIncubationPageTest -->
