<?xml version="1.0" encoding="UTF-8"?>
<!-- Generated by org.testng.reporters.JUnitReportReporter -->
<testsuite skipped="0" hostname="Admin-PC" name="com.jug.qa.UpgradeTest.IdeasSigTabTest" tests="2" failures="0" timestamp="09 Jul 2018 11:57:00 GMT" time="33.732" errors="0">
  <testcase name="SIGifsigTitleTest" time="16.551" classname="com.jug.qa.UpgradeTest.IdeasSigTabTest"/>
  <testcase name="viewresponse" time="17.181" classname="com.jug.qa.UpgradeTest.IdeasSigTabTest"/>
</testsuite> <!-- com.jug.qa.UpgradeTest.IdeasSigTabTest -->
