<?xml version="1.0" encoding="UTF-8"?>
<!-- Generated by org.testng.reporters.JUnitReportReporter -->
<testsuite skipped="0" hostname="Admin-PC" name="com.jug.qa.SIGTest.IdeasSigTabTest" tests="2" failures="0" timestamp="10 Jul 2018 08:52:51 GMT" time="33.508" errors="0">
  <testcase name="SIGifsigTitleTest" time="14.329" classname="com.jug.qa.SIGTest.IdeasSigTabTest"/>
  <testcase name="viewresponse" time="19.179" classname="com.jug.qa.SIGTest.IdeasSigTabTest"/>
</testsuite> <!-- com.jug.qa.SIGTest.IdeasSigTabTest -->
