<?xml version="1.0" encoding="UTF-8"?>
<!-- Generated by org.testng.reporters.JUnitReportReporter -->
<testsuite skipped="0" hostname="Admin-PC" name="com.jug.qa.InstituteTest.MMInstProfilePageTest" tests="5" failures="0" timestamp="09 Jul 2018 13:01:31 GMT" time="157.066" errors="0">
  <testcase name="instprincipal" time="33.251" classname="com.jug.qa.InstituteTest.MMInstProfilePageTest"/>
  <testcase name="instcoordinator" time="32.839" classname="com.jug.qa.InstituteTest.MMInstProfilePageTest"/>
  <testcase name="instdespartment" time="39.493" classname="com.jug.qa.InstituteTest.MMInstProfilePageTest"/>
  <testcase name="instmilestone" time="33.892" classname="com.jug.qa.InstituteTest.MMInstProfilePageTest"/>
  <testcase name="profilelogout" time="17.591" classname="com.jug.qa.InstituteTest.MMInstProfilePageTest"/>
</testsuite> <!-- com.jug.qa.InstituteTest.MMInstProfilePageTest -->
