<?xml version="1.0" encoding="UTF-8"?>
<!-- Generated by org.testng.reporters.JUnitReportReporter -->
<testsuite skipped="0" hostname="Admin-PC" name="com.jug.qa.uplift.upliftpostmychallengesPageTest" tests="2" failures="0" timestamp="10 Jul 2018 05:00:08 GMT" time="117.019" errors="0">
  <testcase name="postchallenges" time="40.810" classname="com.jug.qa.uplift.upliftpostmychallengesPageTest"/>
  <testcase name="upliftviewresponse" time="76.209" classname="com.jug.qa.uplift.upliftpostmychallengesPageTest"/>
</testsuite> <!-- com.jug.qa.uplift.upliftpostmychallengesPageTest -->
