<?xml version="1.0" encoding="UTF-8"?>
<!-- Generated by org.testng.reporters.JUnitReportReporter -->
<testsuite skipped="0" hostname="Admin-PC" name="com.jug.qa.SIGTest.MMSHackathonsPageTest" tests="1" failures="0" timestamp="10 Jul 2018 08:52:51 GMT" time="33.109" errors="0">
  <testcase name="verifyhackathonsTitle" time="33.109" classname="com.jug.qa.SIGTest.MMSHackathonsPageTest"/>
</testsuite> <!-- com.jug.qa.SIGTest.MMSHackathonsPageTest -->
