<?xml version="1.0" encoding="UTF-8"?>
<!-- Generated by org.testng.reporters.JUnitReportReporter -->
<testsuite skipped="0" hostname="Admin-PC" name="com.jug.qa.IncubationTest.MMIncMyProfilePageTest" tests="7" failures="0" timestamp="09 Jul 2018 13:01:31 GMT" time="246.367" errors="0">
  <testcase name="Incubationprofileincubateehead" time="34.358" classname="com.jug.qa.IncubationTest.MMIncMyProfilePageTest"/>
  <testcase name="Incubationcoordinator" time="37.012" classname="com.jug.qa.IncubationTest.MMIncMyProfilePageTest"/>
  <testcase name="Incubationincubateedetails" time="39.437" classname="com.jug.qa.IncubationTest.MMIncMyProfilePageTest"/>
  <testcase name="Incubationupdatedetails" time="33.160" classname="com.jug.qa.IncubationTest.MMIncMyProfilePageTest"/>
  <testcase name="Incubationmilestonedetails" time="45.825" classname="com.jug.qa.IncubationTest.MMIncMyProfilePageTest"/>
  <testcase name="Incubationeditmilestoneupdatedetails" time="33.607" classname="com.jug.qa.IncubationTest.MMIncMyProfilePageTest"/>
  <testcase name="MyprofileLogout" time="22.968" classname="com.jug.qa.IncubationTest.MMIncMyProfilePageTest"/>
</testsuite> <!-- com.jug.qa.IncubationTest.MMIncMyProfilePageTest -->
