<?xml version="1.0" encoding="UTF-8"?>
<!-- Generated by org.testng.reporters.JUnitReportReporter -->
<testsuite skipped="0" hostname="Admin-PC" name="com.jug.qa.InstituteTest.MMInstliststudentinternshipPageTest" tests="2" failures="0" timestamp="09 Jul 2018 13:01:31 GMT" time="62.059" errors="0">
  <testcase name="instinternshipview" time="33.069" classname="com.jug.qa.InstituteTest.MMInstliststudentinternshipPageTest"/>
  <testcase name="inststudentprofileview" time="28.990" classname="com.jug.qa.InstituteTest.MMInstliststudentinternshipPageTest"/>
</testsuite> <!-- com.jug.qa.InstituteTest.MMInstliststudentinternshipPageTest -->
