<?xml version="1.0" encoding="UTF-8"?>
<!-- Generated by org.testng.reporters.JUnitReportReporter -->
<testsuite skipped="0" hostname="Admin-PC" name="com.jug.qa.InstituteTest.MMInstLoginPageTest" tests="1" failures="0" timestamp="09 Jul 2018 13:01:31 GMT" time="17.596" errors="0">
  <testcase name="loginTest" time="17.596" classname="com.jug.qa.InstituteTest.MMInstLoginPageTest"/>
</testsuite> <!-- com.jug.qa.InstituteTest.MMInstLoginPageTest -->
