<?xml version="1.0" encoding="UTF-8"?>
<!-- Generated by org.testng.reporters.JUnitReportReporter -->
<testsuite skipped="0" hostname="Admin-PC" name="com.jug.qa.SIGTest.MMSdashboardTest" tests="2" failures="0" timestamp="10 Jul 2018 05:56:37 GMT" time="105.613" errors="0">
  <testcase name="ClickIFSigTab" time="50.332" classname="com.jug.qa.SIGTest.MMSdashboardTest"/>
  <testcase name="SigmyopportunityTab" time="55.281" classname="com.jug.qa.SIGTest.MMSdashboardTest"/>
</testsuite> <!-- com.jug.qa.SIGTest.MMSdashboardTest -->
