<?xml version="1.0" encoding="UTF-8"?>
<!-- Generated by org.testng.reporters.JUnitReportReporter -->
<testsuite skipped="0" hostname="Admin-PC" name="com.jug.qa.InstituteTest.MMInstListofStudentAppliedProjectPageTest" tests="2" failures="0" timestamp="09 Jul 2018 13:01:31 GMT" time="58.989" errors="0">
  <testcase name="instprojectview" time="30.346" classname="com.jug.qa.InstituteTest.MMInstListofStudentAppliedProjectPageTest"/>
  <testcase name="instprojectstudentprofileview" time="28.643" classname="com.jug.qa.InstituteTest.MMInstListofStudentAppliedProjectPageTest"/>
</testsuite> <!-- com.jug.qa.InstituteTest.MMInstListofStudentAppliedProjectPageTest -->
