<?xml version="1.0" encoding="UTF-8"?>
<!-- Generated by org.testng.reporters.JUnitReportReporter -->
<testsuite skipped="0" hostname="Admin-PC" name="com.jug.qa.uplift.upliftMyOpportunityPageTest" tests="1" failures="0" timestamp="10 Jul 2018 12:29:37 GMT" time="21.537" errors="0">
  <testcase name="stateche" time="21.537" classname="com.jug.qa.uplift.upliftMyOpportunityPageTest"/>
</testsuite> <!-- com.jug.qa.uplift.upliftMyOpportunityPageTest -->
