<?xml version="1.0" encoding="UTF-8"?>
<!-- Generated by org.testng.reporters.JUnitReportReporter -->
<testsuite skipped="0" hostname="Admin-PC" name="com.jug.qa.IncubationTest.MMIncHackathonPageTest" tests="1" failures="0" timestamp="10 Jul 2018 12:29:37 GMT" time="37.717" errors="0">
  <testcase name="IncubationHackathonttitle" time="37.717" classname="com.jug.qa.IncubationTest.MMIncHackathonPageTest"/>
</testsuite> <!-- com.jug.qa.IncubationTest.MMIncHackathonPageTest -->
