<?xml version="1.0" encoding="UTF-8"?>
<!-- Generated by org.testng.reporters.JUnitReportReporter -->
<testsuite skipped="0" hostname="Admin-PC" name="com.jug.qa.UpgradeTest.UpgradeDashboardPageTest" tests="1" failures="0" timestamp="10 Jul 2018 12:29:37 GMT" time="27.215" errors="0">
  <testcase name="upgradedash" time="27.215" classname="com.jug.qa.UpgradeTest.UpgradeDashboardPageTest"/>
</testsuite> <!-- com.jug.qa.UpgradeTest.UpgradeDashboardPageTest -->
