<?xml version="1.0" encoding="UTF-8"?>
<!-- Generated by org.testng.reporters.JUnitReportReporter -->
<testsuite skipped="0" hostname="Admin-PC" name="com.jug.qa.InstituteTest.MMInstliststudentinternshipPageTest" tests="1" failures="0" timestamp="10 Jul 2018 12:29:37 GMT" time="42.041" errors="0">
  <testcase name="instinternshipview" time="42.041" classname="com.jug.qa.InstituteTest.MMInstliststudentinternshipPageTest"/>
</testsuite> <!-- com.jug.qa.InstituteTest.MMInstliststudentinternshipPageTest -->
