<?xml version="1.0" encoding="UTF-8"?>
<!-- Generated by org.testng.reporters.JUnitReportReporter -->
<testsuite skipped="0" hostname="Admin-PC" name="com.jug.qa.SIGTest.MyProfilePageTest" tests="1" failures="0" timestamp="10 Jul 2018 12:29:37 GMT" time="35.206" errors="0">
  <testcase name="leaderbutton" time="35.206" classname="com.jug.qa.SIGTest.MyProfilePageTest"/>
</testsuite> <!-- com.jug.qa.SIGTest.MyProfilePageTest -->
