<?xml version="1.0" encoding="UTF-8"?>
<!-- Generated by org.testng.reporters.JUnitReportReporter -->
<testsuite skipped="0" hostname="Admin-PC" name="com.jug.qa.InstituteTest.MMInstideasFromInstitutePageTest" tests="1" failures="0" timestamp="10 Jul 2018 12:29:37 GMT" time="43.637" errors="0">
  <testcase name="insttitle" time="43.637" classname="com.jug.qa.InstituteTest.MMInstideasFromInstitutePageTest"/>
</testsuite> <!-- com.jug.qa.InstituteTest.MMInstideasFromInstitutePageTest -->
