<?xml version="1.0" encoding="UTF-8"?>
<!-- Generated by org.testng.reporters.JUnitReportReporter -->
<testsuite skipped="0" hostname="Admin-PC" name="com.jug.qa.uplift.upliftpostmychallengesPageTest" tests="1" failures="0" timestamp="10 Jul 2018 12:29:37 GMT" time="23.515" errors="0">
  <testcase name="postchallenges" time="23.515" classname="com.jug.qa.uplift.upliftpostmychallengesPageTest"/>
</testsuite> <!-- com.jug.qa.uplift.upliftpostmychallengesPageTest -->
