<?xml version="1.0" encoding="UTF-8"?>
<!-- Generated by org.testng.reporters.JUnitReportReporter -->
<testsuite skipped="0" hostname="Admin-PC" name="com.jug.qa.IncubationTest.MMIncIdeasFromIncubationPageTest" tests="1" failures="0" timestamp="10 Jul 2018 12:29:37 GMT" time="23.825" errors="0">
  <testcase name="Incubationideas" time="23.825" classname="com.jug.qa.IncubationTest.MMIncIdeasFromIncubationPageTest"/>
</testsuite> <!-- com.jug.qa.IncubationTest.MMIncIdeasFromIncubationPageTest -->
